

Started GET "/" for 127.0.0.1 at 2014-09-20 10:40:45 +0200
Processing by Rails::WelcomeController#index as HTML
  Rendered /home/tomek/.rvm/gems/ruby-2.1.2/gems/railties-4.1.4/lib/rails/templates/rails/welcome/index.html.erb (5.0ms)
Completed 200 OK in 158ms (Views: 123.9ms | ActiveRecord: 0.0ms)
  [1m[36mActiveRecord::SchemaMigration Load (24.9ms)[0m  [1mSELECT "schema_migrations".* FROM "schema_migrations"[0m
Migrating to DeviseCreateUsers (20140920085403)
  [1m[35m (1.0ms)[0m  BEGIN
  [1m[36m (0.9ms)[0m  [1mROLLBACK[0m
  [1m[36mActiveRecord::SchemaMigration Load (1.9ms)[0m  [1mSELECT "schema_migrations".* FROM "schema_migrations"[0m
Migrating to DeviseCreateUsers (20140920085403)
  [1m[35m (0.9ms)[0m  BEGIN
  [1m[36m (387.8ms)[0m  [1mCREATE TABLE "users" ("id" serial primary key, "email" character varying(255) DEFAULT '' NOT NULL, "encrypted_password" character varying(255) DEFAULT '' NOT NULL, "reset_password_token" character varying(255), "reset_password_sent_at" timestamp, "remember_created_at" timestamp, "sign_in_count" integer DEFAULT 0 NOT NULL, "current_sign_in_at" timestamp, "last_sign_in_at" timestamp, "current_sign_in_ip" inet, "last_sign_in_ip" inet, "first_name" character varying(255), "last_name" character varying(255), "company" character varying(255), "created_at" timestamp, "updated_at" timestamp) [0m
PG::DuplicateTable: ERROR:  relation "users" already exists
: CREATE TABLE "users" ("id" serial primary key, "email" character varying(255) DEFAULT '' NOT NULL, "encrypted_password" character varying(255) DEFAULT '' NOT NULL, "reset_password_token" character varying(255), "reset_password_sent_at" timestamp, "remember_created_at" timestamp, "sign_in_count" integer DEFAULT 0 NOT NULL, "current_sign_in_at" timestamp, "last_sign_in_at" timestamp, "current_sign_in_ip" inet, "last_sign_in_ip" inet, "first_name" character varying(255), "last_name" character varying(255), "company" character varying(255), "created_at" timestamp, "updated_at" timestamp) 
  [1m[35m (1.0ms)[0m  ROLLBACK
  [1m[36m (50.0ms)[0m  [1mCREATE TABLE "schema_migrations" ("version" character varying(255) NOT NULL) [0m
  [1m[35m (127.8ms)[0m  CREATE UNIQUE INDEX  "unique_schema_migrations" ON "schema_migrations"  ("version")
  [1m[36mActiveRecord::SchemaMigration Load (1.7ms)[0m  [1mSELECT "schema_migrations".* FROM "schema_migrations"[0m
Migrating to DeviseCreateUsers (20140920085403)
  [1m[35m (1.0ms)[0m  BEGIN
  [1m[36m (139.6ms)[0m  [1mCREATE TABLE "users" ("id" serial primary key, "email" character varying(255) DEFAULT '' NOT NULL, "encrypted_password" character varying(255) DEFAULT '' NOT NULL, "reset_password_token" character varying(255), "reset_password_sent_at" timestamp, "remember_created_at" timestamp, "sign_in_count" integer DEFAULT 0 NOT NULL, "current_sign_in_at" timestamp, "last_sign_in_at" timestamp, "current_sign_in_ip" inet, "last_sign_in_ip" inet, "first_name" character varying(255), "last_name" character varying(255), "company" character varying(255), "created_at" timestamp, "updated_at" timestamp) [0m
  [1m[35m (60.7ms)[0m  CREATE UNIQUE INDEX  "index_users_on_email" ON "users"  ("email")
  [1m[36m (51.2ms)[0m  [1mCREATE UNIQUE INDEX  "index_users_on_reset_password_token" ON "users"  ("reset_password_token")[0m
  [1m[35mSQL (3.1ms)[0m  INSERT INTO "schema_migrations" ("version") VALUES ($1)  [["version", "20140920085403"]]
  [1m[36m (17.2ms)[0m  [1mCOMMIT[0m
  [1m[35mActiveRecord::SchemaMigration Load (0.8ms)[0m  SELECT "schema_migrations".* FROM "schema_migrations"


Started GET "/" for 127.0.0.1 at 2014-09-20 11:02:03 +0200
  [1m[36mActiveRecord::SchemaMigration Load (1.6ms)[0m  [1mSELECT "schema_migrations".* FROM "schema_migrations"[0m
Processing by Rails::WelcomeController#index as HTML
  Rendered /home/tomek/.rvm/gems/ruby-2.1.2/gems/railties-4.1.4/lib/rails/templates/rails/welcome/index.html.erb (18.9ms)
Completed 200 OK in 94ms (Views: 60.5ms | ActiveRecord: 0.0ms)


Started GET "/" for 127.0.0.1 at 2014-09-20 11:14:23 +0200
  [1m[36mActiveRecord::SchemaMigration Load (1.9ms)[0m  [1mSELECT "schema_migrations".* FROM "schema_migrations"[0m
Processing by HomeController#index as HTML
  Rendered home/index.html.erb within layouts/application (6.9ms)
Completed 200 OK in 2203ms (Views: 2160.7ms | ActiveRecord: 0.0ms)


Started GET "/assets/home.css?body=1" for 127.0.0.1 at 2014-09-20 11:14:25 +0200


Started GET "/assets/home.js?body=1" for 127.0.0.1 at 2014-09-20 11:14:26 +0200


Started GET "/assets/application.css?body=1" for 127.0.0.1 at 2014-09-20 11:14:26 +0200


Started GET "/assets/turbolinks.js?body=1" for 127.0.0.1 at 2014-09-20 11:14:26 +0200


Started GET "/assets/application.js?body=1" for 127.0.0.1 at 2014-09-20 11:14:26 +0200


Started GET "/assets/jquery_ujs.js?body=1" for 127.0.0.1 at 2014-09-20 11:14:26 +0200


Started GET "/assets/jquery.js?body=1" for 127.0.0.1 at 2014-09-20 11:14:26 +0200


Started GET "/users/sign_in" for 127.0.0.1 at 2014-09-20 11:14:31 +0200
Processing by Devise::SessionsController#new as HTML
  Rendered /home/tomek/.rvm/gems/ruby-2.1.2/gems/devise-3.3.0/app/views/devise/shared/_links.erb (5.0ms)
  Rendered /home/tomek/.rvm/gems/ruby-2.1.2/gems/devise-3.3.0/app/views/devise/sessions/new.html.erb within layouts/application (315.8ms)
Completed 200 OK in 508ms (Views: 451.5ms | ActiveRecord: 8.2ms)


Started GET "/users/sign_up" for 127.0.0.1 at 2014-09-20 11:14:38 +0200
Processing by Devise::RegistrationsController#new as HTML
  Rendered /home/tomek/.rvm/gems/ruby-2.1.2/gems/devise-3.3.0/app/views/devise/shared/_links.erb (1.0ms)
  Rendered /home/tomek/.rvm/gems/ruby-2.1.2/gems/devise-3.3.0/app/views/devise/registrations/new.html.erb within layouts/application (10.7ms)
Completed 200 OK in 149ms (Views: 143.1ms | ActiveRecord: 0.0ms)


Started GET "/users/sign_up" for 127.0.0.1 at 2014-09-20 11:19:50 +0200
  [1m[36mActiveRecord::SchemaMigration Load (3.1ms)[0m  [1mSELECT "schema_migrations".* FROM "schema_migrations"[0m
Processing by Devise::RegistrationsController#new as HTML
  Rendered /home/tomek/.rvm/gems/ruby-2.1.2/gems/devise-3.3.0/app/views/devise/shared/_links.erb (3.3ms)
  Rendered /home/tomek/.rvm/gems/ruby-2.1.2/gems/devise-3.3.0/app/views/devise/registrations/new.html.erb within layouts/application (80.0ms)
Completed 200 OK in 7154ms (Views: 7104.1ms | ActiveRecord: 9.7ms)


Started GET "/assets/home.css?body=1" for 127.0.0.1 at 2014-09-20 11:19:57 +0200


Started GET "/assets/bootstrap/alert.js?body=1" for 127.0.0.1 at 2014-09-20 11:19:57 +0200


Started GET "/assets/bootstrap/button.js?body=1" for 127.0.0.1 at 2014-09-20 11:19:58 +0200


Started GET "/assets/bootstrap/collapse.js?body=1" for 127.0.0.1 at 2014-09-20 11:19:58 +0200


Started GET "/assets/bootstrap/affix.js?body=1" for 127.0.0.1 at 2014-09-20 11:19:58 +0200


Started GET "/assets/bootstrap/carousel.js?body=1" for 127.0.0.1 at 2014-09-20 11:19:58 +0200


Started GET "/assets/bootstrap/dropdown.js?body=1" for 127.0.0.1 at 2014-09-20 11:19:58 +0200


Started GET "/assets/application.css?body=1" for 127.0.0.1 at 2014-09-20 11:19:58 +0200


Started GET "/assets/bootstrap/tab.js?body=1" for 127.0.0.1 at 2014-09-20 11:19:58 +0200


Started GET "/assets/bootstrap/transition.js?body=1" for 127.0.0.1 at 2014-09-20 11:19:58 +0200


Started GET "/assets/jquery.js?body=1" for 127.0.0.1 at 2014-09-20 11:19:58 +0200


Started GET "/assets/jquery_ujs.js?body=1" for 127.0.0.1 at 2014-09-20 11:19:58 +0200


Started GET "/assets/turbolinks.js?body=1" for 127.0.0.1 at 2014-09-20 11:19:58 +0200


Started GET "/assets/bootstrap/scrollspy.js?body=1" for 127.0.0.1 at 2014-09-20 11:19:58 +0200


Started GET "/assets/bootstrap/modal.js?body=1" for 127.0.0.1 at 2014-09-20 11:19:58 +0200


Started GET "/assets/bootstrap/popover.js?body=1" for 127.0.0.1 at 2014-09-20 11:19:58 +0200


Started GET "/assets/bootstrap/tooltip.js?body=1" for 127.0.0.1 at 2014-09-20 11:19:58 +0200


Started GET "/assets/bootstrap-sprockets.js?body=1" for 127.0.0.1 at 2014-09-20 11:19:58 +0200


Started GET "/assets/home.js?body=1" for 127.0.0.1 at 2014-09-20 11:19:58 +0200


Started GET "/assets/application.js?body=1" for 127.0.0.1 at 2014-09-20 11:19:58 +0200


Started GET "/" for 127.0.0.1 at 2014-09-20 11:20:05 +0200
Processing by HomeController#index as HTML
  Rendered home/index.html.erb within layouts/application (2.6ms)
Completed 200 OK in 271ms (Views: 269.4ms | ActiveRecord: 0.0ms)


Started GET "/assets/home.css?body=1" for 127.0.0.1 at 2014-09-20 11:20:05 +0200


Started GET "/assets/jquery.js?body=1" for 127.0.0.1 at 2014-09-20 11:20:05 +0200


Started GET "/assets/jquery_ujs.js?body=1" for 127.0.0.1 at 2014-09-20 11:20:05 +0200


Started GET "/assets/turbolinks.js?body=1" for 127.0.0.1 at 2014-09-20 11:20:05 +0200


Started GET "/assets/home.js?body=1" for 127.0.0.1 at 2014-09-20 11:20:05 +0200


Started GET "/assets/application.js?body=1" for 127.0.0.1 at 2014-09-20 11:20:05 +0200


Started GET "/users/sign_in" for 127.0.0.1 at 2014-09-20 11:45:15 +0200
Processing by Devise::SessionsController#new as HTML
  Rendered /home/tomek/.rvm/gems/ruby-2.1.2/gems/devise-3.3.0/app/views/devise/shared/_links.erb (1.5ms)
  Rendered /home/tomek/.rvm/gems/ruby-2.1.2/gems/devise-3.3.0/app/views/devise/sessions/new.html.erb within layouts/application (14.5ms)
Completed 200 OK in 238ms (Views: 230.6ms | ActiveRecord: 0.0ms)


Started GET "/users/sign_up" for 127.0.0.1 at 2014-09-20 11:45:22 +0200
Processing by Devise::RegistrationsController#new as HTML
  Rendered /home/tomek/.rvm/gems/ruby-2.1.2/gems/devise-3.3.0/app/views/devise/shared/_links.erb (0.7ms)
  Rendered /home/tomek/.rvm/gems/ruby-2.1.2/gems/devise-3.3.0/app/views/devise/registrations/new.html.erb within layouts/application (7.4ms)
Completed 200 OK in 237ms (Views: 234.1ms | ActiveRecord: 0.0ms)


Started POST "/users" for 127.0.0.1 at 2014-09-20 11:45:32 +0200
Processing by Devise::RegistrationsController#create as HTML
  Parameters: {"utf8"=>"✓", "authenticity_token"=>"T202C8CbjHZfDgzwqRJvy5Ku6CMOiGFBTW1iJVw0ANY=", "user"=>{"email"=>"tomtrusz@gmail.com", "password"=>"[FILTERED]", "password_confirmation"=>"[FILTERED]"}, "commit"=>"Sign up"}
  [1m[35m (0.9ms)[0m  BEGIN
  [1m[36mUser Exists (78.5ms)[0m  [1mSELECT  1 AS one FROM "users"  WHERE "users"."email" = 'tomtrusz@gmail.com' LIMIT 1[0m
  [1m[35mSQL (28.2ms)[0m  INSERT INTO "users" ("created_at", "email", "encrypted_password", "updated_at") VALUES ($1, $2, $3, $4) RETURNING "id"  [["created_at", "2014-09-20 09:45:32.480560"], ["email", "tomtrusz@gmail.com"], ["encrypted_password", "$2a$10$67BcZ8DLIKhmUAcIZexcBuoFsChaZLoCvWM3vsTvaC9TxJ9m./7Dq"], ["updated_at", "2014-09-20 09:45:32.480560"]]
  [1m[36m (26.6ms)[0m  [1mCOMMIT[0m
  [1m[35m (1.0ms)[0m  BEGIN
  [1m[36mSQL (7.2ms)[0m  [1mUPDATE "users" SET "current_sign_in_at" = $1, "current_sign_in_ip" = $2, "last_sign_in_at" = $3, "last_sign_in_ip" = $4, "sign_in_count" = $5, "updated_at" = $6 WHERE "users"."id" = 1[0m  [["current_sign_in_at", "2014-09-20 09:45:32.566671"], ["current_sign_in_ip", "127.0.0.1/32"], ["last_sign_in_at", "2014-09-20 09:45:32.566671"], ["last_sign_in_ip", "127.0.0.1/32"], ["sign_in_count", 1], ["updated_at", "2014-09-20 09:45:32.572077"]]
  [1m[35m (7.7ms)[0m  COMMIT
Redirected to http://localhost:3000/
Completed 302 Found in 473ms (ActiveRecord: 150.9ms)


Started GET "/" for 127.0.0.1 at 2014-09-20 11:45:32 +0200
Processing by HomeController#index as HTML
  Rendered home/index.html.erb within layouts/application (0.7ms)
Completed 200 OK in 247ms (Views: 246.2ms | ActiveRecord: 0.0ms)


Started GET "/assets/home.css?body=1" for 127.0.0.1 at 2014-09-20 11:45:32 +0200


Started GET "/assets/application.css?body=1" for 127.0.0.1 at 2014-09-20 11:45:32 +0200


Started GET "/assets/jquery.js?body=1" for 127.0.0.1 at 2014-09-20 11:45:33 +0200


Started GET "/assets/jquery_ujs.js?body=1" for 127.0.0.1 at 2014-09-20 11:45:33 +0200


Started GET "/assets/turbolinks.js?body=1" for 127.0.0.1 at 2014-09-20 11:45:33 +0200


Started GET "/assets/home.js?body=1" for 127.0.0.1 at 2014-09-20 11:45:33 +0200


Started GET "/assets/application.js?body=1" for 127.0.0.1 at 2014-09-20 11:45:33 +0200


Started GET "/users/sign_in" for 127.0.0.1 at 2014-09-20 11:45:35 +0200
Processing by Devise::SessionsController#new as HTML
  [1m[36mUser Load (1.7ms)[0m  [1mSELECT  "users".* FROM "users"  WHERE "users"."id" = 1  ORDER BY "users"."id" ASC LIMIT 1[0m
Redirected to http://localhost:3000/
Filter chain halted as :require_no_authentication rendered or redirected
Completed 302 Found in 70ms (ActiveRecord: 1.7ms)


Started GET "/" for 127.0.0.1 at 2014-09-20 11:45:35 +0200
Processing by HomeController#index as HTML
  Rendered home/index.html.erb within layouts/application (1.6ms)
Completed 200 OK in 210ms (Views: 208.9ms | ActiveRecord: 0.0ms)


Started GET "/users/sign_in" for 127.0.0.1 at 2014-09-20 11:45:37 +0200
Processing by Devise::SessionsController#new as HTML
  [1m[35mUser Load (1.3ms)[0m  SELECT  "users".* FROM "users"  WHERE "users"."id" = 1  ORDER BY "users"."id" ASC LIMIT 1
Redirected to http://localhost:3000/
Filter chain halted as :require_no_authentication rendered or redirected
Completed 302 Found in 7ms (ActiveRecord: 1.3ms)


Started GET "/" for 127.0.0.1 at 2014-09-20 11:45:37 +0200
Processing by HomeController#index as HTML
  Rendered home/index.html.erb within layouts/application (0.6ms)
Completed 200 OK in 231ms (Views: 229.0ms | ActiveRecord: 0.0ms)


Started GET "/users/sign_in" for 127.0.0.1 at 2014-09-20 11:45:39 +0200
Processing by Devise::SessionsController#new as HTML
  [1m[36mUser Load (1.2ms)[0m  [1mSELECT  "users".* FROM "users"  WHERE "users"."id" = 1  ORDER BY "users"."id" ASC LIMIT 1[0m
Redirected to http://localhost:3000/
Filter chain halted as :require_no_authentication rendered or redirected
Completed 302 Found in 6ms (ActiveRecord: 1.2ms)


Started GET "/" for 127.0.0.1 at 2014-09-20 11:45:39 +0200
Processing by HomeController#index as HTML
  Rendered home/index.html.erb within layouts/application (0.6ms)
Completed 200 OK in 209ms (Views: 208.2ms | ActiveRecord: 0.0ms)


Started GET "/users/sign_in" for 127.0.0.1 at 2014-09-20 11:45:41 +0200
Processing by Devise::SessionsController#new as HTML
  [1m[35mUser Load (1.5ms)[0m  SELECT  "users".* FROM "users"  WHERE "users"."id" = 1  ORDER BY "users"."id" ASC LIMIT 1
Redirected to http://localhost:3000/
Filter chain halted as :require_no_authentication rendered or redirected
Completed 302 Found in 7ms (ActiveRecord: 1.5ms)


Started GET "/" for 127.0.0.1 at 2014-09-20 11:45:41 +0200
Processing by HomeController#index as HTML
  Rendered home/index.html.erb within layouts/application (0.6ms)
Completed 200 OK in 207ms (Views: 205.8ms | ActiveRecord: 0.0ms)


Started GET "/users/sign_in" for 127.0.0.1 at 2014-09-20 11:45:42 +0200
Processing by Devise::SessionsController#new as HTML
  [1m[36mUser Load (1.3ms)[0m  [1mSELECT  "users".* FROM "users"  WHERE "users"."id" = 1  ORDER BY "users"."id" ASC LIMIT 1[0m
Redirected to http://localhost:3000/
Filter chain halted as :require_no_authentication rendered or redirected
Completed 302 Found in 5ms (ActiveRecord: 1.3ms)


Started GET "/" for 127.0.0.1 at 2014-09-20 11:45:42 +0200
Processing by HomeController#index as HTML
  Rendered home/index.html.erb within layouts/application (0.5ms)
Completed 200 OK in 214ms (Views: 212.5ms | ActiveRecord: 0.0ms)


Started GET "/users/sign_up" for 127.0.0.1 at 2014-09-20 11:45:47 +0200
Processing by Devise::RegistrationsController#new as HTML
  [1m[35mUser Load (2.6ms)[0m  SELECT  "users".* FROM "users"  WHERE "users"."id" = 1  ORDER BY "users"."id" ASC LIMIT 1
Redirected to http://localhost:3000/
Filter chain halted as :require_no_authentication rendered or redirected
Completed 302 Found in 15ms (ActiveRecord: 2.6ms)


Started GET "/" for 127.0.0.1 at 2014-09-20 11:45:47 +0200
Processing by HomeController#index as HTML
  Rendered home/index.html.erb within layouts/application (1.0ms)
Completed 200 OK in 211ms (Views: 209.5ms | ActiveRecord: 0.0ms)


Started GET "/coverage/index.html" for 127.0.0.1 at 2014-09-20 11:52:18 +0200

ActionController::RoutingError (No route matches [GET] "/coverage/index.html"):
  actionpack (4.1.4) lib/action_dispatch/middleware/debug_exceptions.rb:21:in `call'
  actionpack (4.1.4) lib/action_dispatch/middleware/show_exceptions.rb:30:in `call'
  railties (4.1.4) lib/rails/rack/logger.rb:38:in `call_app'
  railties (4.1.4) lib/rails/rack/logger.rb:20:in `block in call'
  activesupport (4.1.4) lib/active_support/tagged_logging.rb:68:in `block in tagged'
  activesupport (4.1.4) lib/active_support/tagged_logging.rb:26:in `tagged'
  activesupport (4.1.4) lib/active_support/tagged_logging.rb:68:in `tagged'
  railties (4.1.4) lib/rails/rack/logger.rb:20:in `call'
  actionpack (4.1.4) lib/action_dispatch/middleware/request_id.rb:21:in `call'
  rack (1.5.2) lib/rack/methodoverride.rb:21:in `call'
  rack (1.5.2) lib/rack/runtime.rb:17:in `call'
  activesupport (4.1.4) lib/active_support/cache/strategy/local_cache_middleware.rb:26:in `call'
  rack (1.5.2) lib/rack/lock.rb:17:in `call'
  actionpack (4.1.4) lib/action_dispatch/middleware/static.rb:64:in `call'
  rack (1.5.2) lib/rack/sendfile.rb:112:in `call'
  railties (4.1.4) lib/rails/engine.rb:514:in `call'
  railties (4.1.4) lib/rails/application.rb:144:in `call'
  rack (1.5.2) lib/rack/lock.rb:17:in `call'
  rack (1.5.2) lib/rack/content_length.rb:14:in `call'
  rack (1.5.2) lib/rack/handler/webrick.rb:60:in `service'
  /home/tomek/.rvm/rubies/ruby-2.1.2/lib/ruby/2.1.0/webrick/httpserver.rb:138:in `service'
  /home/tomek/.rvm/rubies/ruby-2.1.2/lib/ruby/2.1.0/webrick/httpserver.rb:94:in `run'
  /home/tomek/.rvm/rubies/ruby-2.1.2/lib/ruby/2.1.0/webrick/server.rb:295:in `block in start_thread'


  Rendered /home/tomek/.rvm/gems/ruby-2.1.2/gems/actionpack-4.1.4/lib/action_dispatch/middleware/templates/rescues/_trace.html.erb (4.2ms)
  Rendered /home/tomek/.rvm/gems/ruby-2.1.2/gems/actionpack-4.1.4/lib/action_dispatch/middleware/templates/routes/_route.html.erb (4.4ms)
  Rendered /home/tomek/.rvm/gems/ruby-2.1.2/gems/actionpack-4.1.4/lib/action_dispatch/middleware/templates/routes/_table.html.erb (44.7ms)
  Rendered /home/tomek/.rvm/gems/ruby-2.1.2/gems/actionpack-4.1.4/lib/action_dispatch/middleware/templates/rescues/routing_error.html.erb within rescues/layout (224.5ms)


Started GET "/coverage/index.html" for 127.0.0.1 at 2014-09-20 11:54:48 +0200
  [1m[36mActiveRecord::SchemaMigration Load (2.4ms)[0m  [1mSELECT "schema_migrations".* FROM "schema_migrations"[0m

ActionController::RoutingError (No route matches [GET] "/coverage/index.html"):
  actionpack (4.1.4) lib/action_dispatch/middleware/debug_exceptions.rb:21:in `call'
  actionpack (4.1.4) lib/action_dispatch/middleware/show_exceptions.rb:30:in `call'
  railties (4.1.4) lib/rails/rack/logger.rb:38:in `call_app'
  railties (4.1.4) lib/rails/rack/logger.rb:20:in `block in call'
  activesupport (4.1.4) lib/active_support/tagged_logging.rb:68:in `block in tagged'
  activesupport (4.1.4) lib/active_support/tagged_logging.rb:26:in `tagged'
  activesupport (4.1.4) lib/active_support/tagged_logging.rb:68:in `tagged'
  railties (4.1.4) lib/rails/rack/logger.rb:20:in `call'
  actionpack (4.1.4) lib/action_dispatch/middleware/request_id.rb:21:in `call'
  rack (1.5.2) lib/rack/methodoverride.rb:21:in `call'
  rack (1.5.2) lib/rack/runtime.rb:17:in `call'
  activesupport (4.1.4) lib/active_support/cache/strategy/local_cache_middleware.rb:26:in `call'
  rack (1.5.2) lib/rack/lock.rb:17:in `call'
  actionpack (4.1.4) lib/action_dispatch/middleware/static.rb:64:in `call'
  rack (1.5.2) lib/rack/sendfile.rb:112:in `call'
  railties (4.1.4) lib/rails/engine.rb:514:in `call'
  railties (4.1.4) lib/rails/application.rb:144:in `call'
  rack (1.5.2) lib/rack/lock.rb:17:in `call'
  rack (1.5.2) lib/rack/content_length.rb:14:in `call'
  rack (1.5.2) lib/rack/handler/webrick.rb:60:in `service'
  /home/tomek/.rvm/rubies/ruby-2.1.2/lib/ruby/2.1.0/webrick/httpserver.rb:138:in `service'
  /home/tomek/.rvm/rubies/ruby-2.1.2/lib/ruby/2.1.0/webrick/httpserver.rb:94:in `run'
  /home/tomek/.rvm/rubies/ruby-2.1.2/lib/ruby/2.1.0/webrick/server.rb:295:in `block in start_thread'


  Rendered /home/tomek/.rvm/gems/ruby-2.1.2/gems/actionpack-4.1.4/lib/action_dispatch/middleware/templates/rescues/_trace.html.erb (3.9ms)
  Rendered /home/tomek/.rvm/gems/ruby-2.1.2/gems/actionpack-4.1.4/lib/action_dispatch/middleware/templates/routes/_route.html.erb (5.6ms)
  Rendered /home/tomek/.rvm/gems/ruby-2.1.2/gems/actionpack-4.1.4/lib/action_dispatch/middleware/templates/routes/_table.html.erb (15.1ms)
  Rendered /home/tomek/.rvm/gems/ruby-2.1.2/gems/actionpack-4.1.4/lib/action_dispatch/middleware/templates/rescues/routing_error.html.erb within rescues/layout (79.2ms)
  [1m[36m (87.7ms)[0m  [1mCREATE TABLE "schema_migrations" ("version" character varying(255) NOT NULL) [0m
  [1m[35m (104.0ms)[0m  CREATE UNIQUE INDEX  "unique_schema_migrations" ON "schema_migrations"  ("version")
  [1m[36mActiveRecord::SchemaMigration Load (1.7ms)[0m  [1mSELECT "schema_migrations".* FROM "schema_migrations"[0m
Migrating to DeviseCreateUsers (20140920085403)
  [1m[35m (0.8ms)[0m  BEGIN
  [1m[36m (208.4ms)[0m  [1mCREATE TABLE "users" ("id" serial primary key, "email" character varying(255) DEFAULT '' NOT NULL, "encrypted_password" character varying(255) DEFAULT '' NOT NULL, "reset_password_token" character varying(255), "reset_password_sent_at" timestamp, "remember_created_at" timestamp, "sign_in_count" integer DEFAULT 0 NOT NULL, "current_sign_in_at" timestamp, "last_sign_in_at" timestamp, "current_sign_in_ip" inet, "last_sign_in_ip" inet, "first_name" character varying(255), "last_name" character varying(255), "company" character varying(255), "created_at" timestamp, "updated_at" timestamp) [0m
  [1m[35m (187.2ms)[0m  CREATE UNIQUE INDEX  "index_users_on_email" ON "users"  ("email")
  [1m[36m (48.3ms)[0m  [1mCREATE UNIQUE INDEX  "index_users_on_reset_password_token" ON "users"  ("reset_password_token")[0m
  [1m[35mSQL (2.6ms)[0m  INSERT INTO "schema_migrations" ("version") VALUES ($1)  [["version", "20140920085403"]]
  [1m[36m (30.6ms)[0m  [1mCOMMIT[0m
  [1m[35mActiveRecord::SchemaMigration Load (1.2ms)[0m  SELECT "schema_migrations".* FROM "schema_migrations"


Started GET "/" for 127.0.0.1 at 2014-09-20 12:19:12 +0200
  [1m[36mActiveRecord::SchemaMigration Load (3.0ms)[0m  [1mSELECT "schema_migrations".* FROM "schema_migrations"[0m
Processing by HomeController#index as HTML
  Rendered home/index.html.erb within layouts/application (5.9ms)
Completed 200 OK in 1830ms (Views: 1806.4ms | ActiveRecord: 0.0ms)


Started GET "/assets/application.css?body=1" for 127.0.0.1 at 2014-09-20 12:19:14 +0200


Started GET "/assets/jquery.js?body=1" for 127.0.0.1 at 2014-09-20 12:19:14 +0200


Started GET "/assets/home.css?body=1" for 127.0.0.1 at 2014-09-20 12:19:14 +0200


Started GET "/assets/bootstrap/affix.js?body=1" for 127.0.0.1 at 2014-09-20 12:19:14 +0200


Started GET "/assets/jquery_ujs.js?body=1" for 127.0.0.1 at 2014-09-20 12:19:14 +0200


Started GET "/assets/turbolinks.js?body=1" for 127.0.0.1 at 2014-09-20 12:19:14 +0200


Started GET "/assets/bootstrap/alert.js?body=1" for 127.0.0.1 at 2014-09-20 12:19:14 +0200


Started GET "/assets/bootstrap/button.js?body=1" for 127.0.0.1 at 2014-09-20 12:19:14 +0200


Started GET "/assets/bootstrap/carousel.js?body=1" for 127.0.0.1 at 2014-09-20 12:19:14 +0200


Started GET "/assets/bootstrap/collapse.js?body=1" for 127.0.0.1 at 2014-09-20 12:19:14 +0200


Started GET "/assets/bootstrap/dropdown.js?body=1" for 127.0.0.1 at 2014-09-20 12:19:14 +0200


Started GET "/assets/bootstrap/tab.js?body=1" for 127.0.0.1 at 2014-09-20 12:19:14 +0200


Started GET "/assets/bootstrap/transition.js?body=1" for 127.0.0.1 at 2014-09-20 12:19:14 +0200


Started GET "/assets/bootstrap/scrollspy.js?body=1" for 127.0.0.1 at 2014-09-20 12:19:14 +0200


Started GET "/assets/bootstrap/modal.js?body=1" for 127.0.0.1 at 2014-09-20 12:19:14 +0200


Started GET "/assets/bootstrap/tooltip.js?body=1" for 127.0.0.1 at 2014-09-20 12:19:14 +0200


Started GET "/assets/bootstrap/popover.js?body=1" for 127.0.0.1 at 2014-09-20 12:19:14 +0200


Started GET "/assets/bootstrap-sprockets.js?body=1" for 127.0.0.1 at 2014-09-20 12:19:14 +0200


Started GET "/assets/home.js?body=1" for 127.0.0.1 at 2014-09-20 12:19:14 +0200


Started GET "/assets/application.js?body=1" for 127.0.0.1 at 2014-09-20 12:19:14 +0200


Started GET "/users/sign_in" for 127.0.0.1 at 2014-09-20 12:19:16 +0200
Processing by Devise::SessionsController#new as HTML
  [1m[35mUser Load (39.1ms)[0m  SELECT  "users".* FROM "users"  WHERE "users"."id" = 1  ORDER BY "users"."id" ASC LIMIT 1
  Rendered /home/tomek/.rvm/gems/ruby-2.1.2@a-time-tracker/gems/devise-3.3.0/app/views/devise/shared/_links.erb (3.3ms)
  Rendered /home/tomek/.rvm/gems/ruby-2.1.2@a-time-tracker/gems/devise-3.3.0/app/views/devise/sessions/new.html.erb within layouts/application (51.6ms)
Completed 200 OK in 394ms (Views: 278.6ms | ActiveRecord: 47.7ms)
